<?xml version="1.0" encoding="UTF-8"?>
<coverage generated="1724019821296" clover="3.2.0">
  <project timestamp="1724019821296" name="All files">
    <metrics statements="9" coveredstatements="7" conditionals="0" coveredconditionals="0" methods="6" coveredmethods="4" elements="15" coveredelements="11" complexity="0" loc="9" ncloc="9" packages="1" files="2" classes="2"/>
    <file name="Cricketer.ts" path="E:\Learning\Courses\Typescript-Unit-Testing\src\Cricketer.ts">
      <metrics statements="7" coveredstatements="5" conditionals="0" coveredconditionals="0" methods="4" coveredmethods="2"/>
      <line num="1" count="1" type="stmt"/>
      <line num="7" count="1" type="stmt"/>
      <line num="8" count="1" type="stmt"/>
      <line num="9" count="1" type="stmt"/>
      <line num="13" count="1" type="stmt"/>
      <line num="17" count="0" type="stmt"/>
      <line num="21" count="0" type="stmt"/>
    </file>
    <file name="index.ts" path="E:\Learning\Courses\Typescript-Unit-Testing\src\index.ts">
      <metrics statements="2" coveredstatements="2" conditionals="0" coveredconditionals="0" methods="2" coveredmethods="2"/>
      <line num="1" count="1" type="stmt"/>
      <line num="3" count="1" type="stmt"/>
    </file>
  </project>
</coverage>
