{"E:\\Learning\\Courses\\Typescript-Unit-Testing\\src\\Cricketer.ts": {"path":"E:\\Learning\\Courses\\Typescript-Unit-Testing\\src\\Cricketer.ts","statementMap":{"0":{"start":{"line":7,"column":8},"end":{"line":7,"column":25}},"1":{"start":{"line":8,"column":8},"end":{"line":8,"column":25}},"2":{"start":{"line":9,"column":8},"end":{"line":9,"column":35}},"3":{"start":{"line":13,"column":8},"end":{"line":13,"column":25}},"4":{"start":{"line":17,"column":8},"end":{"line":17,"column":25}},"5":{"start":{"line":21,"column":8},"end":{"line":21,"column":30}},"6":{"start":{"line":1,"column":0},"end":{"line":1,"column":13}}},"fnMap":{"0":{"name":"(anonymous_0)","decl":{"start":{"line":6,"column":4},"end":{"line":6,"column":16}},"loc":{"start":{"line":6,"column":62},"end":{"line":10,"column":5}}},"1":{"name":"(anonymous_1)","decl":{"start":{"line":12,"column":4},"end":{"line":12,"column":8}},"loc":{"start":{"line":12,"column":15},"end":{"line":14,"column":5}}},"2":{"name":"(anonymous_2)","decl":{"start":{"line":16,"column":4},"end":{"line":16,"column":8}},"loc":{"start":{"line":16,"column":15},"end":{"line":18,"column":5}}},"3":{"name":"(anonymous_3)","decl":{"start":{"line":20,"column":4},"end":{"line":20,"column":8}},"loc":{"start":{"line":20,"column":21},"end":{"line":22,"column":5}}}},"branchMap":{},"s":{"0":1,"1":1,"2":1,"3":1,"4":0,"5":0,"6":1},"f":{"0":1,"1":1,"2":0,"3":0},"b":{}}
,"E:\\Learning\\Courses\\Typescript-Unit-Testing\\src\\index.ts": {"path":"E:\\Learning\\Courses\\Typescript-Unit-Testing\\src\\index.ts","statementMap":{"0":{"start":{"line":1,"column":19},"end":{"line":1,"column":70}},"1":{"start":{"line":1,"column":59},"end":{"line":1,"column":70}},"2":{"start":{"line":1,"column":13},"end":{"line":1,"column":19}},"3":{"start":{"line":3,"column":24},"end":{"line":3,"column":75}},"4":{"start":{"line":3,"column":64},"end":{"line":3,"column":75}},"5":{"start":{"line":3,"column":13},"end":{"line":3,"column":24}}},"fnMap":{"0":{"name":"(anonymous_0)","decl":{"start":{"line":1,"column":19},"end":{"line":1,"column":20}},"loc":{"start":{"line":1,"column":59},"end":{"line":1,"column":70}}},"1":{"name":"(anonymous_1)","decl":{"start":{"line":3,"column":24},"end":{"line":3,"column":25}},"loc":{"start":{"line":3,"column":64},"end":{"line":3,"column":75}}}},"branchMap":{},"s":{"0":1,"1":1,"2":1,"3":1,"4":1,"5":1},"f":{"0":1,"1":1},"b":{}}
}
